#
# A fatal error has been detected by the Java Runtime Environment:
#
#  Internal Error (exceptions.cpp:427), pid=8628, tid=19728
#  fatal error: ExceptionMark destructor expects no pending exceptions
#
# JRE version: Java(TM) SE Runtime Environment (8.0_73-b02) (build 1.8.0_73-b02)
# Java VM: Java HotSpot(TM) 64-Bit Server VM (25.73-b02 mixed mode windows-amd64 compressed oops)
# Failed to write core dump. Minidumps are not enabled by default on client versions of Windows
#
# If you would like to submit a bug report, please visit:
#   http://bugreport.java.com/bugreport/crash.jsp
#

---------------  T H R E A D  ---------------

Current thread (0x0000000018f27000):  JavaThread "Thread-25" [_thread_in_vm, id=19728, stack(0x000000001f880000,0x000000001f980000)]

Stack: [0x000000001f880000,0x000000001f980000]
[error occurred during error reporting (printing stack bounds), id 0xc0000005]

Native frames: (J=compiled Java code, j=interpreted, Vv=VM code, C=native code)

Java frames: (J=compiled Java code, j=interpreted, Vv=VM code)
j  java.net.DualStackPlainDatagramSocketImpl.socketReceiveOrPeekData(ILjava/net/DatagramPacket;IZZ)I+0
j  java.net.DualStackPlainDatagramSocketImpl.receive0(Ljava/net/DatagramPacket;)V+47
j  java.net.AbstractPlainDatagramSocketImpl.receive(Ljava/net/DatagramPacket;)V+2
j  java.net.DatagramSocket.receive(Ljava/net/DatagramPacket;)V+322
j  dns.miniDNSThread1.run()V+222
j  java.lang.Thread.run()V+11
v  ~StubRoutines::call_stub

---------------  P R O C E S S  ---------------

Java Threads: ( => current thread )
  0x0000000018f26800 JavaThread "Thread-30" [_thread_blocked, id=26444, stack(0x000000001fd80000,0x000000001fe80000)]
  0x0000000018f25800 JavaThread "Thread-29" [_thread_in_native, id=12460, stack(0x000000001fc80000,0x000000001fd80000)]
  0x0000000018f25000 JavaThread "Thread-28" [_thread_blocked, id=10696, stack(0x000000001fb80000,0x000000001fc80000)]
  0x0000000018f24000 JavaThread "Thread-27" [_thread_in_native, id=12384, stack(0x000000001fa80000,0x000000001fb80000)]
  0x0000000018f2b000 JavaThread "Thread-26" [_thread_blocked, id=19176, stack(0x000000001f980000,0x000000001fa80000)]
=>0x0000000018f27000 JavaThread "Thread-25" [_thread_in_vm, id=19728, stack(0x000000001f880000,0x000000001f980000)]
  0x0000000018f74000 JavaThread "TimerQueue" daemon [_thread_blocked, id=17920, stack(0x000000001bdf0000,0x000000001bef0000)]
  0x000000001999d800 JavaThread "Thread-2" [_thread_in_native, id=23980, stack(0x000000001b350000,0x000000001b450000)]
  0x000000001977c000 JavaThread "Abandoned connection cleanup thread" daemon [_thread_blocked, id=33220, stack(0x000000001b050000,0x000000001b150000)]
  0x00000000196a3000 JavaThread "org.netbeans.modules.debugger.jpda.visual AWT Access Loop" daemon [_thread_blocked, id=16676, stack(0x000000001ab50000,0x000000001ac50000)]
  0x00000000024ee000 JavaThread "DestroyJavaVM" [_thread_blocked, id=35100, stack(0x00000000024f0000,0x00000000025f0000)]
  0x00000000196a4800 JavaThread "AWT-EventQueue-0" [_thread_blocked, id=19180, stack(0x000000001aa50000,0x000000001ab50000)]
  0x000000001963c000 JavaThread "AWT-Windows" daemon [_thread_in_native, id=31524, stack(0x0000000019fe0000,0x000000001a0e0000)]
  0x0000000019639800 JavaThread "AWT-Shutdown" [_thread_blocked, id=36392, stack(0x0000000019ee0000,0x0000000019fe0000)]
  0x00000000190ac000 JavaThread "Java2D Disposer" daemon [_thread_blocked, id=20016, stack(0x0000000019de0000,0x0000000019ee0000)]
  0x0000000018ce0000 JavaThread "Service Thread" daemon [_thread_blocked, id=30676, stack(0x00000000192b0000,0x00000000193b0000)]
  0x0000000018cdb000 JavaThread "C1 CompilerThread2" daemon [_thread_blocked, id=20152, stack(0x00000000191b0000,0x00000000192b0000)]
  0x00000000172bd000 JavaThread "C2 CompilerThread1" daemon [_thread_blocked, id=15476, stack(0x00000000190b0000,0x00000000191b0000)]
  0x0000000017286000 JavaThread "C2 CompilerThread0" daemon [_thread_blocked, id=25168, stack(0x0000000018bb0000,0x0000000018cb0000)]
  0x0000000017278000 JavaThread "JDWP Command Reader" daemon [_thread_in_native, id=14664, stack(0x0000000018ab0000,0x0000000018bb0000)]
  0x0000000017272800 JavaThread "JDWP Event Helper Thread" daemon [_thread_blocked, id=18520, stack(0x00000000189b0000,0x0000000018ab0000)]
  0x0000000017270800 JavaThread "JDWP Transport Listener: dt_shmem" daemon [_thread_blocked, id=23412, stack(0x00000000188b0000,0x00000000189b0000)]
  0x000000001725d800 JavaThread "Attach Listener" daemon [_thread_blocked, id=24736, stack(0x00000000187b0000,0x00000000188b0000)]
  0x000000001725c000 JavaThread "Signal Dispatcher" daemon [_thread_blocked, id=9564, stack(0x00000000186b0000,0x00000000187b0000)]
  0x00000000026e1000 JavaThread "Finalizer" daemon [_thread_blocked, id=35268, stack(0x00000000184c0000,0x00000000185c0000)]
  0x0000000017229000 JavaThread "Reference Handler" daemon [_thread_blocked, id=18528, stack(0x00000000183c0000,0x00000000184c0000)]

Other Threads:
  0x0000000017227800 VMThread [stack: 0x00000000182c0000,0x00000000183c0000] [id=28280]
  0x0000000018ce9000 WatcherThread [stack: 0x00000000193b0000,0x00000000194b0000] [id=30460]

VM state:synchronizing (normal execution)

VM Mutex/Monitor currently owned by a thread:  ([mutex/lock_event])
[0x00000000024edae0] Threads_lock - owner thread: 0x0000000017227800

Heap:
 PSYoungGen      total 38400K, used 12258K [0x00000000d5c00000, 0x00000000d8680000, 0x0000000100000000)
  eden space 33280K, 21% used [0x00000000d5c00000,0x00000000d62fbc20,0x00000000d7c80000)
  from space 5120K, 99% used [0x00000000d7c80000,0x00000000d817cf20,0x00000000d8180000)
  to   space 5120K, 0% used [0x00000000d8180000,0x00000000d8180000,0x00000000d8680000)
 ParOldGen       total 87552K, used 940K [0x0000000081400000, 0x0000000086980000, 0x00000000d5c00000)
  object space 87552K, 1% used [0x0000000081400000,0x00000000814eb1f8,0x0000000086980000)
 Metaspace       used 18209K, capacity 18388K, committed 18688K, reserved 1064960K
  class space    used 2184K, capacity 2258K, committed 2304K, reserved 1048576K

Card table byte_map: [0x0000000011ab0000,0x0000000011eb0000] byte_map_base: 0x00000000116a6000

Marking Bits: (ParMarkBitMap*) 0x0000000060d70600
 Begin Bits: [0x0000000012560000, 0x0000000014510000)
 End Bits:   [0x0000000014510000, 0x00000000164c0000)

Polling page: 0x0000000000be0000

CodeCache: size=245760Kb used=6562Kb max_used=6574Kb free=239197Kb
 bounds [0x00000000026f0000, 0x0000000002d70000, 0x00000000116f0000]
 total_blobs=2564 nmethods=1992 adapters=492
 compilation: enabled

Compilation events (10 events):
Event: 138.344 Thread 0x0000000018cdb000 2071   !   3       javax.swing.JViewport::setViewPosition (359 bytes)
Event: 138.345 Thread 0x00000000172bd000 2074       4       java.util.concurrent.locks.ReentrantLock::unlock (10 bytes)
Event: 138.350 Thread 0x0000000018cdb000 nmethod 2071 0x0000000002d5bed0 code [0x0000000002d5c3c0, 0x0000000002d5f858]
Event: 138.350 Thread 0x0000000018cdb000 2070       3       java.awt.Container::layout (17 bytes)
Event: 138.350 Thread 0x0000000018cdb000 nmethod 2070 0x0000000002954250 code [0x00000000029543c0, 0x0000000002954628]
Event: 138.350 Thread 0x0000000018cdb000 2072       1       javax.swing.JTable::getFillsViewportHeight (5 bytes)
Event: 138.350 Thread 0x0000000018cdb000 nmethod 2072 0x0000000002905210 code [0x0000000002905360, 0x0000000002905470]
Event: 138.350 Thread 0x0000000018cdb000 2073       1       java.awt.AWTEvent::isConsumed (5 bytes)
Event: 138.350 Thread 0x0000000018cdb000 nmethod 2073 0x0000000002953f90 code [0x00000000029540e0, 0x00000000029541f0]
Event: 138.351 Thread 0x00000000172bd000 nmethod 2074 0x0000000002953a90 code [0x0000000002953be0, 0x0000000002953dc8]

GC Heap History (2 events):
Event: 117.161 GC heap before
{Heap before GC invocations=1 (full 0):
 PSYoungGen      total 38400K, used 33280K [0x00000000d5c00000, 0x00000000d8680000, 0x0000000100000000)
  eden space 33280K, 100% used [0x00000000d5c00000,0x00000000d7c80000,0x00000000d7c80000)
  from space 5120K, 0% used [0x00000000d8180000,0x00000000d8180000,0x00000000d8680000)
  to   space 5120K, 0% used [0x00000000d7c80000,0x00000000d7c80000,0x00000000d8180000)
 ParOldGen       total 87552K, used 0K [0x0000000081400000, 0x0000000086980000, 0x00000000d5c00000)
  object space 87552K, 0% used [0x0000000081400000,0x0000000081400000,0x0000000086980000)
 Metaspace       used 18121K, capacity 18312K, committed 18432K, reserved 1064960K
  class space    used 2183K, capacity 2256K, committed 2304K, reserved 1048576K
Event: 117.172 GC heap after
Heap after GC invocations=1 (full 0):
 PSYoungGen      total 38400K, used 5107K [0x00000000d5c00000, 0x00000000d8680000, 0x0000000100000000)
  eden space 33280K, 0% used [0x00000000d5c00000,0x00000000d5c00000,0x00000000d7c80000)
  from space 5120K, 99% used [0x00000000d7c80000,0x00000000d817cf20,0x00000000d8180000)
  to   space 5120K, 0% used [0x00000000d8180000,0x00000000d8180000,0x00000000d8680000)
 ParOldGen       total 87552K, used 940K [0x0000000081400000, 0x0000000086980000, 0x00000000d5c00000)
  object space 87552K, 1% used [0x0000000081400000,0x00000000814eb1f8,0x0000000086980000)
 Metaspace       used 18121K, capacity 18312K, committed 18432K, reserved 1064960K
  class space    used 2183K, capacity 2256K, committed 2304K, reserved 1048576K
}

Deoptimization events (10 events):
Event: 122.285 Thread 0x0000000018f2b000 Uncommon trap: reason=unhandled action=none pc=0x0000000002cd1c98 method=com.mysql.jdbc.ResultSetImpl.checkClosed()Lcom/mysql/jdbc/MySQLConnection; @ 23
Event: 122.490 Thread 0x0000000018f25800 Uncommon trap: reason=unhandled action=none pc=0x0000000002cd1c98 method=com.mysql.jdbc.ResultSetImpl.checkClosed()Lcom/mysql/jdbc/MySQLConnection; @ 23
Event: 122.491 Thread 0x0000000018f25800 Uncommon trap: reason=unhandled action=none pc=0x0000000002cd1c98 method=com.mysql.jdbc.ResultSetImpl.checkClosed()Lcom/mysql/jdbc/MySQLConnection; @ 23
Event: 122.498 Thread 0x0000000018f25800 Uncommon trap: reason=unhandled action=none pc=0x0000000002cd1c98 method=com.mysql.jdbc.ResultSetImpl.checkClosed()Lcom/mysql/jdbc/MySQLConnection; @ 23
Event: 138.141 Thread 0x0000000018f24000 Uncommon trap: reason=unhandled action=none pc=0x0000000002cd1c98 method=com.mysql.jdbc.ResultSetImpl.checkClosed()Lcom/mysql/jdbc/MySQLConnection; @ 23
Event: 138.142 Thread 0x0000000018f24000 Uncommon trap: reason=unhandled action=none pc=0x0000000002cd1c98 method=com.mysql.jdbc.ResultSetImpl.checkClosed()Lcom/mysql/jdbc/MySQLConnection; @ 23
Event: 138.145 Thread 0x0000000018f24000 Uncommon trap: reason=unhandled action=none pc=0x0000000002cd1c98 method=com.mysql.jdbc.ResultSetImpl.checkClosed()Lcom/mysql/jdbc/MySQLConnection; @ 23
Event: 138.241 Thread 0x0000000018f25800 Uncommon trap: reason=unhandled action=none pc=0x0000000002cd1c98 method=com.mysql.jdbc.ResultSetImpl.checkClosed()Lcom/mysql/jdbc/MySQLConnection; @ 23
Event: 138.242 Thread 0x0000000018f25800 Uncommon trap: reason=unhandled action=none pc=0x0000000002cd1c98 method=com.mysql.jdbc.ResultSetImpl.checkClosed()Lcom/mysql/jdbc/MySQLConnection; @ 23
Event: 138.244 Thread 0x0000000018f25800 Uncommon trap: reason=unhandled action=none pc=0x0000000002cd1c98 method=com.mysql.jdbc.ResultSetImpl.checkClosed()Lcom/mysql/jdbc/MySQLConnection; @ 23

Internal exceptions (10 events):
Event: 118.177 Thread 0x0000000018f2b000 JVM_StopThread thread JavaThread 0x0000000018f28000 as oop 0x00000000d7c80578 [exception 0x000000001f27f380]
Event: 123.277 Thread 0x0000000018f2b000 Exception <a 'java/net/SocketException': socket closed> (0x00000000d6167440) thrown at [D:\re\puppet\workspace\8-2-build-windows-amd64-cygwin\jdk8u73\6086\hotspot\src\share\vm\prims\jni.cpp, line 735]
Event: 123.277 Thread 0x0000000018f24000 Exception <a 'java/net/SocketException': socket closed> (0x00000000d610dab8) thrown at [D:\re\puppet\workspace\8-2-build-windows-amd64-cygwin\jdk8u73\6086\hotspot\src\share\vm\prims\jni.cpp, line 735]
Event: 123.278 Thread 0x0000000018f2a000 JVM_StopThread thread JavaThread 0x0000000018f24000 as oop 0x00000000d60b6758 [exception 0x000000001f47ef80]
Event: 123.279 Thread 0x0000000018f25000 JVM_StopThread thread JavaThread 0x0000000000000000 as oop 0x00000000d60b8498 [exception 0x000000001f67f420]
Event: 123.487 Thread 0x0000000018f25800 Exception <a 'java/net/SocketException': socket closed> (0x00000000d61ba480) thrown at [D:\re\puppet\workspace\8-2-build-windows-amd64-cygwin\jdk8u73\6086\hotspot\src\share\vm\prims\jni.cpp, line 735]
Event: 123.487 Thread 0x0000000018f27000 JVM_StopThread thread JavaThread 0x0000000018f25800 as oop 0x00000000d60ba950 [exception 0x000000001f87ef60]
Event: 138.747 Thread 0x0000000018f2b000 JVM_StopThread thread JavaThread 0x0000000018f27000 as oop 0x00000000d60bce08 [exception 0x000000001fa7f310]
Event: 138.747 Thread 0x0000000018f27000 Exception <a 'java/net/SocketException': socket closed> (0x00000000d6222ac0) thrown at [D:\re\puppet\workspace\8-2-build-windows-amd64-cygwin\jdk8u73\6086\hotspot\src\share\vm\prims\jni.cpp, line 735]
Event: 138.748 Thread 0x0000000018f27000 Exception <a 'java/lang/ThreadDeath'> (0x00000000d62e0020) thrown at [D:\re\puppet\workspace\8-2-build-windows-amd64-cygwin\jdk8u73\6086\hotspot\src\share\vm\prims\jni.cpp, line 709]

Events (10 events):
Event: 138.245 Thread 0x0000000018f25800 DEOPT UNPACKING pc=0x000000000273787f sp=0x000000001fd7dbb0 mode 1
Event: 138.747 Executing VM operation: RevokeBias
Event: 138.747 Executing VM operation: RevokeBias done
Event: 138.747 Executing VM operation: GetOrSetLocal
Event: 138.747 Executing VM operation: GetOrSetLocal done
Event: 138.747 Executing VM operation: EnterInterpOnlyMode
Event: 138.747 Executing VM operation: EnterInterpOnlyMode done
Event: 138.747 Executing VM operation: ThreadStop
Event: 138.748 Executing VM operation: ThreadStop done
Event: 138.748 Executing VM operation: RevokeBias


Dynamic libraries:
0x00007ff61b8b0000 - 0x00007ff61b8e7000 	C:\Program Files\Java\jdk1.8.0_73\bin\java.exe
0x00007ffb810f0000 - 0x00007ffb812c1000 	C:\WINDOWS\SYSTEM32\ntdll.dll
0x00007ffb7e850000 - 0x00007ffb7e8fb000 	C:\WINDOWS\System32\KERNEL32.DLL
0x00007ffb7db90000 - 0x00007ffb7ddad000 	C:\WINDOWS\System32\KERNELBASE.dll
0x00007ffb80a30000 - 0x00007ffb80ad2000 	C:\WINDOWS\System32\ADVAPI32.dll
0x00007ffb80660000 - 0x00007ffb806fe000 	C:\WINDOWS\System32\msvcrt.dll
0x00007ffb80b70000 - 0x00007ffb80bc9000 	C:\WINDOWS\System32\sechost.dll
0x00007ffb80ec0000 - 0x00007ffb80fe1000 	C:\WINDOWS\System32\RPCRT4.dll
0x00007ffb80700000 - 0x00007ffb80865000 	C:\WINDOWS\System32\USER32.dll
0x00007ffb7e540000 - 0x00007ffb7e55e000 	C:\WINDOWS\System32\win32u.dll
0x00007ffb810b0000 - 0x00007ffb810e4000 	C:\WINDOWS\System32\GDI32.dll
0x00007ffb7d630000 - 0x00007ffb7d7b2000 	C:\WINDOWS\System32\gdi32full.dll
0x00007ffb6d490000 - 0x00007ffb6d709000 	C:\WINDOWS\WinSxS\amd64_microsoft.windows.common-controls_6595b64144ccf1df_6.0.14393.447_none_42191651c6827bb3\COMCTL32.dll
0x00007ffb80bd0000 - 0x00007ffb80e97000 	C:\WINDOWS\System32\combase.dll
0x00007ffb7da90000 - 0x00007ffb7db85000 	C:\WINDOWS\System32\ucrtbase.dll
0x00007ffb7e610000 - 0x00007ffb7e67a000 	C:\WINDOWS\System32\bcryptPrimitives.dll
0x00007ffb7e680000 - 0x00007ffb7e6ae000 	C:\WINDOWS\System32\IMM32.DLL
0x0000000060480000 - 0x0000000060552000 	C:\Program Files\Java\jdk1.8.0_73\jre\bin\msvcr100.dll
0x0000000060560000 - 0x0000000060df0000 	C:\Program Files\Java\jdk1.8.0_73\jre\bin\server\jvm.dll
0x00007ffb80eb0000 - 0x00007ffb80eb8000 	C:\WINDOWS\System32\PSAPI.DLL
0x00007ffb6c290000 - 0x00007ffb6c299000 	C:\WINDOWS\SYSTEM32\WSOCK32.dll
0x00007ffb7b470000 - 0x00007ffb7b493000 	C:\WINDOWS\SYSTEM32\WINMM.dll
0x00007ffb6f280000 - 0x00007ffb6f28a000 	C:\WINDOWS\SYSTEM32\VERSION.dll
0x00007ffb80ae0000 - 0x00007ffb80b4a000 	C:\WINDOWS\System32\WS2_32.dll
0x00007ffb7b440000 - 0x00007ffb7b46b000 	C:\WINDOWS\SYSTEM32\WINMMBASE.dll
0x00007ffb7d5e0000 - 0x00007ffb7d622000 	C:\WINDOWS\System32\cfgmgr32.dll
0x00000000615c0000 - 0x00000000615cf000 	C:\Program Files\Java\jdk1.8.0_73\jre\bin\verify.dll
0x0000000061590000 - 0x00000000615b9000 	C:\Program Files\Java\jdk1.8.0_73\jre\bin\java.dll
0x00000000600c0000 - 0x00000000600f5000 	C:\Program Files\Java\jdk1.8.0_73\jre\bin\jdwp.dll
0x00000000600b0000 - 0x00000000600b8000 	C:\Program Files\Java\jdk1.8.0_73\jre\bin\npt.dll
0x0000000061570000 - 0x0000000061586000 	C:\Program Files\Java\jdk1.8.0_73\jre\bin\zip.dll
0x00007ffb7efe0000 - 0x00007ffb804e9000 	C:\WINDOWS\System32\SHELL32.dll
0x00007ffb7ddb0000 - 0x00007ffb7e48a000 	C:\WINDOWS\System32\windows.storage.dll
0x00007ffb7d570000 - 0x00007ffb7d5bc000 	C:\WINDOWS\System32\powrprof.dll
0x00007ffb7ee40000 - 0x00007ffb7ee92000 	C:\WINDOWS\System32\shlwapi.dll
0x00007ffb7d560000 - 0x00007ffb7d56f000 	C:\WINDOWS\System32\kernel.appcore.dll
0x00007ffb7e490000 - 0x00007ffb7e539000 	C:\WINDOWS\System32\shcore.dll
0x00007ffb7d5c0000 - 0x00007ffb7d5d4000 	C:\WINDOWS\System32\profapi.dll
0x00000000601b0000 - 0x00000000601bb000 	C:\Program Files\Java\jdk1.8.0_73\jre\bin\dt_shmem.dll
0x00000000602a0000 - 0x0000000060438000 	C:\Program Files\Java\jdk1.8.0_73\jre\bin\awt.dll
0x00007ffb80ff0000 - 0x00007ffb810af000 	C:\WINDOWS\System32\OLEAUT32.dll
0x00007ffb7d9f0000 - 0x00007ffb7da8c000 	C:\WINDOWS\System32\msvcp_win.dll
0x00007ffb7bb00000 - 0x00007ffb7bb7a000 	C:\WINDOWS\SYSTEM32\apphelp.dll
0x00007ffb7bce0000 - 0x00007ffb7bd75000 	C:\WINDOWS\system32\uxtheme.dll
0x00007ffb80870000 - 0x00007ffb809cb000 	C:\WINDOWS\System32\MSCTF.dll
0x00007ffb6c810000 - 0x00007ffb6c8a8000 	C:\Program Files\Common Files\microsoft shared\ink\tiptsf.dll
0x00007ffb7b250000 - 0x00007ffb7b276000 	C:\WINDOWS\system32\dwmapi.dll
0x00007ffb7eea0000 - 0x00007ffb7efd7000 	C:\WINDOWS\System32\ole32.dll
0x0000000060250000 - 0x0000000060297000 	C:\Program Files\Java\jdk1.8.0_73\jre\bin\fontmanager.dll
0x0000000060460000 - 0x000000006047a000 	C:\Program Files\Java\jdk1.8.0_73\jre\bin\net.dll
0x00007ffb7ccd0000 - 0x00007ffb7cd2c000 	C:\WINDOWS\system32\mswsock.dll
0x0000000060440000 - 0x0000000060451000 	C:\Program Files\Java\jdk1.8.0_73\jre\bin\nio.dll
0x0000000060200000 - 0x0000000060242000 	C:\Program Files\Java\jdk1.8.0_73\jre\bin\t2k.dll
0x00007ffb7caa0000 - 0x00007ffb7cb40000 	C:\WINDOWS\SYSTEM32\DNSAPI.dll
0x00007ffb7e900000 - 0x00007ffb7e908000 	C:\WINDOWS\System32\NSI.dll
0x00007ffb7ca60000 - 0x00007ffb7ca98000 	C:\WINDOWS\SYSTEM32\IPHLPAPI.DLL
0x0000000066830000 - 0x0000000066856000 	C:\Program Files\Bonjour\mdnsNSP.dll
0x00007ffb6ed30000 - 0x00007ffb6ed3a000 	C:\Windows\System32\rasadhlp.dll
0x00007ffb74e80000 - 0x00007ffb74eea000 	C:\WINDOWS\System32\fwpuclnt.dll
0x00007ffb7d490000 - 0x00007ffb7d4bb000 	C:\WINDOWS\SYSTEM32\bcrypt.dll
0x00007ffb6d940000 - 0x00007ffb6d956000 	C:\WINDOWS\system32\napinsp.dll
0x00007ffb6d920000 - 0x00007ffb6d93a000 	C:\WINDOWS\system32\pnrpnsp.dll
0x00007ffb76940000 - 0x00007ffb76958000 	C:\WINDOWS\system32\NLAapi.dll
0x00007ffb6d910000 - 0x00007ffb6d91e000 	C:\WINDOWS\System32\winrnr.dll
0x00007ffb6d8f0000 - 0x00007ffb6d905000 	C:\WINDOWS\System32\wshbth.dll
0x00007ffb805c0000 - 0x00007ffb8065f000 	C:\WINDOWS\System32\clbcatq.dll
0x00007ffb6aa00000 - 0x00007ffb6abab000 	C:\Windows\System32\uiautomationcore.dll
0x00007ffb7cb50000 - 0x00007ffb7cb6f000 	C:\Windows\System32\USERENV.dll
0x00007ffb7d390000 - 0x00007ffb7d428000 	C:\WINDOWS\SYSTEM32\sxs.dll
0x00007ffb725f0000 - 0x00007ffb72655000 	C:\Windows\System32\OLEACC.dll
0x00007ffb70720000 - 0x00007ffb7079d000 	C:\WINDOWS\SYSTEM32\twinapi.dll
0x00007ffb7bfb0000 - 0x00007ffb7c0cc000 	C:\WINDOWS\SYSTEM32\twinapi.appcore.dll
0x00000000601c0000 - 0x00000000601ea000 	C:\Program Files\Java\jdk1.8.0_73\jre\bin\dcpr.dll
0x00007ffb7ae60000 - 0x00007ffb7b008000 	C:\WINDOWS\SYSTEM32\WindowsCodecs.dll
0x00007ffb52750000 - 0x00007ffb52799000 	C:\WINDOWS\system32\dataexchange.dll
0x00007ffb7b650000 - 0x00007ffb7b7a1000 	C:\WINDOWS\system32\dcomp.dll
0x00007ffb7aaa0000 - 0x00007ffb7ad56000 	C:\WINDOWS\system32\d3d11.dll
0x00007ffb7c4e0000 - 0x00007ffb7c57f000 	C:\WINDOWS\system32\dxgi.dll

VM Arguments:
jvm_args: -Xdebug -Xrunjdwp:transport=dt_shmem,address=javadebug -Dfile.encoding=UTF-8 
java_command: GUI.DNSApplication
java_class_path (initial): C:\Program Files\NetBeans 8.1\ide\modules\ext\mysql-connector-java-5.1.23-bin.jar;C:\Users\thehaohcm\Downloads\Compressed\DNS_Server\build\classes
Launcher Type: SUN_STANDARD

Environment Variables:
PATH=C:\Program Files (x86)\MySQL\MySQL Fabric 1.5 & MySQL Utilities 1.5\;C:\Program Files (x86)\MySQL\MySQL Fabric 1.5 & MySQL Utilities 1.5\Doctrine extensions for PHP\;C:\WINDOWS\system32;C:\WINDOWS;C:\WINDOWS\System32\Wbem;C:\WINDOWS\System32\WindowsPowerShell\v1.0\;C:\Program Files\Microsoft SQL Server\110\DTS\Binn\;C:\Program Files (x86)\Microsoft SQL Server\110\Tools\Binn\;C:\Program Files\Microsoft SQL Server\110\Tools\Binn\;C:\Program Files (x86)\Microsoft SQL Server\110\Tools\Binn\ManagementStudio\;C:\Program Files (x86)\Microsoft Visual Studio 10.0\Common7\IDE\PrivateAssemblies\;C:\Program Files (x86)\Microsoft SQL Server\110\DTS\Binn\;C:\Users\thehaohcm\AppData\Local\Microsoft\WindowsApps;
USERNAME=thehaohcm
OS=Windows_NT
PROCESSOR_IDENTIFIER=Intel64 Family 6 Model 78 Stepping 3, GenuineIntel



---------------  S Y S T E M  ---------------

OS: Windows 10.0 , 64 bit Build 14393 (10.0.14393.0)

CPU:total 4 (2 cores per cpu, 2 threads per core) family 6 model 78 stepping 3, cmov, cx8, fxsr, mmx, sse, sse2, sse3, ssse3, sse4.1, sse4.2, popcnt, avx, avx2, aes, clmul, erms, 3dnowpref, lzcnt, ht, tsc, tscinvbit, bmi1, bmi2, adx

Memory: 4k page, physical 8298916k(3323840k free), swap 11837860k(3718748k free)

vm_info: Java HotSpot(TM) 64-Bit Server VM (25.73-b02) for windows-amd64 JRE (1.8.0_73-b02), built on Jan 29 2016 17:38:49 by "java_re" with MS VC++ 10.0 (VS2010)

time: Fri Nov 11 13:50:45 2016
elapsed time: 138 seconds (0d 0h 2m 18s)

